<?xml version="1.0" encoding="UTF-8"?>
<testsuite name="com.app.burdii.ExampleUnitTest" tests="1" skipped="0" failures="0" errors="0" timestamp="2025-05-06T18:24:49" hostname="pop-os" time="0.005">
  <properties/>
  <testcase name="addition_isCorrect" classname="com.app.burdii.ExampleUnitTest" time="0.005"/>
  <system-out><![CDATA[]]></system-out>
  <system-err><![CDATA[]]></system-err>
</testsuite>
